<?xml version="1.0" encoding="UTF-8"?>
<!-- Generated by org.testng.reporters.JUnitReportReporter -->
<testsuite hostname="USHYDYMURUGAN1" failures="0" tests="1" name="com.SeleniumPOM.TestCases" time="67.074" errors="0" timestamp="18 Jun 2019 07:57:54 GMT" skipped="0">
  <testcase classname="com.SeleniumPOM.TestCases" name="verifyValidLogin" time="67.074"/>
</testsuite> <!-- com.SeleniumPOM.TestCases -->
