<?xml version="1.0" encoding="UTF-8"?>
<!-- Generated by org.testng.reporters.JUnitReportReporter -->
<testsuite hostname="USHYDYMURUGAN1" failures="0" tests="1" name="pageFactory.TestCaseFactory" time="68.070" errors="0" timestamp="18 Jun 2019 08:45:39 GMT" skipped="0">
  <testcase classname="pageFactory.TestCaseFactory" name="verifyValidLogin" time="68.070"/>
</testsuite> <!-- pageFactory.TestCaseFactory -->
